D:\Fax\6.Semestar\Web\Projekat\AirBnb_Web1\AirBnb_Web1\scripts\out-tsc\app\login.service.js
D:\Fax\6.Semestar\Web\Projekat\AirBnb_Web1\AirBnb_Web1\scripts\out-tsc\app\login.service.js.map
D:\Fax\6.Semestar\Web\Projekat\AirBnb_Web1\AirBnb_Web1\scripts\out-tsc\app\log-in\log-in.component.js
D:\Fax\6.Semestar\Web\Projekat\AirBnb_Web1\AirBnb_Web1\scripts\out-tsc\app\log-in\log-in.component.js.map
D:\Fax\6.Semestar\Web\Projekat\AirBnb_Web1\AirBnb_Web1\scripts\out-tsc\app\register.service.js
D:\Fax\6.Semestar\Web\Projekat\AirBnb_Web1\AirBnb_Web1\scripts\out-tsc\app\register.service.js.map
D:\Fax\6.Semestar\Web\Projekat\AirBnb_Web1\AirBnb_Web1\scripts\out-tsc\app\Classes\User.js
D:\Fax\6.Semestar\Web\Projekat\AirBnb_Web1\AirBnb_Web1\scripts\out-tsc\app\Classes\User.js.map
D:\Fax\6.Semestar\Web\Projekat\AirBnb_Web1\AirBnb_Web1\scripts\out-tsc\app\register\register.component.js
D:\Fax\6.Semestar\Web\Projekat\AirBnb_Web1\AirBnb_Web1\scripts\out-tsc\app\register\register.component.js.map
D:\Fax\6.Semestar\Web\Projekat\AirBnb_Web1\AirBnb_Web1\scripts\out-tsc\app\home.service.js
D:\Fax\6.Semestar\Web\Projekat\AirBnb_Web1\AirBnb_Web1\scripts\out-tsc\app\home.service.js.map
D:\Fax\6.Semestar\Web\Projekat\AirBnb_Web1\AirBnb_Web1\scripts\out-tsc\app\home\home.component.js
D:\Fax\6.Semestar\Web\Projekat\AirBnb_Web1\AirBnb_Web1\scripts\out-tsc\app\home\home.component.js.map
D:\Fax\6.Semestar\Web\Projekat\AirBnb_Web1\AirBnb_Web1\scripts\out-tsc\app\app-routing.module.js
D:\Fax\6.Semestar\Web\Projekat\AirBnb_Web1\AirBnb_Web1\scripts\out-tsc\app\app-routing.module.js.map
D:\Fax\6.Semestar\Web\Projekat\AirBnb_Web1\AirBnb_Web1\scripts\out-tsc\app\app.component.js
D:\Fax\6.Semestar\Web\Projekat\AirBnb_Web1\AirBnb_Web1\scripts\out-tsc\app\app.component.js.map
D:\Fax\6.Semestar\Web\Projekat\AirBnb_Web1\AirBnb_Web1\scripts\out-tsc\app\app.module.js
D:\Fax\6.Semestar\Web\Projekat\AirBnb_Web1\AirBnb_Web1\scripts\out-tsc\app\app.module.js.map
D:\Fax\6.Semestar\Web\Projekat\AirBnb_Web1\AirBnb_Web1\scripts\out-tsc\environments\environment.js
D:\Fax\6.Semestar\Web\Projekat\AirBnb_Web1\AirBnb_Web1\scripts\out-tsc\environments\environment.js.map
D:\Fax\6.Semestar\Web\Projekat\AirBnb_Web1\AirBnb_Web1\scripts\out-tsc\main.js
D:\Fax\6.Semestar\Web\Projekat\AirBnb_Web1\AirBnb_Web1\scripts\out-tsc\main.js.map
D:\Fax\6.Semestar\Web\Projekat\AirBnb_Web1\AirBnb_Web1\scripts\out-tsc\polyfills.js
D:\Fax\6.Semestar\Web\Projekat\AirBnb_Web1\AirBnb_Web1\scripts\out-tsc\polyfills.js.map
D:\Fax\6.Semestar\Web\Projekat\AirBnb_Web1\AirBnb_Web1\scripts\out-tsc\test.js
D:\Fax\6.Semestar\Web\Projekat\AirBnb_Web1\AirBnb_Web1\scripts\out-tsc\test.js.map
D:\Fax\6.Semestar\Web\Projekat\AirBnb_Web1\AirBnb_Web1\scripts\out-tsc\app\app.component.spec.js
D:\Fax\6.Semestar\Web\Projekat\AirBnb_Web1\AirBnb_Web1\scripts\out-tsc\app\app.component.spec.js.map
D:\Fax\6.Semestar\Web\Projekat\AirBnb_Web1\AirBnb_Web1\scripts\out-tsc\app\home.service.spec.js
D:\Fax\6.Semestar\Web\Projekat\AirBnb_Web1\AirBnb_Web1\scripts\out-tsc\app\home.service.spec.js.map
D:\Fax\6.Semestar\Web\Projekat\AirBnb_Web1\AirBnb_Web1\scripts\out-tsc\app\login.service.spec.js
D:\Fax\6.Semestar\Web\Projekat\AirBnb_Web1\AirBnb_Web1\scripts\out-tsc\app\login.service.spec.js.map
D:\Fax\6.Semestar\Web\Projekat\AirBnb_Web1\AirBnb_Web1\scripts\out-tsc\app\register.service.spec.js
D:\Fax\6.Semestar\Web\Projekat\AirBnb_Web1\AirBnb_Web1\scripts\out-tsc\app\register.service.spec.js.map
D:\Fax\6.Semestar\Web\Projekat\AirBnb_Web1\AirBnb_Web1\scripts\out-tsc\environments\environment.prod.js
D:\Fax\6.Semestar\Web\Projekat\AirBnb_Web1\AirBnb_Web1\scripts\out-tsc\environments\environment.prod.js.map
D:\Fax\6.Semestar\Web\Projekat\AirBnb_Web1\AirBnb_Web1\scripts\out-tsc\app\home\home.component.spec.js
D:\Fax\6.Semestar\Web\Projekat\AirBnb_Web1\AirBnb_Web1\scripts\out-tsc\app\home\home.component.spec.js.map
D:\Fax\6.Semestar\Web\Projekat\AirBnb_Web1\AirBnb_Web1\scripts\out-tsc\app\log-in\log-in.component.spec.js
D:\Fax\6.Semestar\Web\Projekat\AirBnb_Web1\AirBnb_Web1\scripts\out-tsc\app\log-in\log-in.component.spec.js.map
D:\Fax\6.Semestar\Web\Projekat\AirBnb_Web1\AirBnb_Web1\scripts\out-tsc\app\register\register.component.spec.js
D:\Fax\6.Semestar\Web\Projekat\AirBnb_Web1\AirBnb_Web1\scripts\out-tsc\app\register\register.component.spec.js.map
